c:\users\metron\documents\github\projektowanie_efektywnych_algorytmow\projektowanie_efektywnych_algorytmow\debug\vc141.pdb
c:\users\metron\documents\github\projektowanie_efektywnych_algorytmow\projektowanie_efektywnych_algorytmow\debug\vc141.idb
c:\users\metron\documents\github\projektowanie_efektywnych_algorytmow\projektowanie_efektywnych_algorytmow\debug\main.obj
c:\users\metron\documents\github\projektowanie_efektywnych_algorytmow\projektowanie_efektywnych_algorytmow\debug\distance_graph.obj
c:\users\metron\documents\github\projektowanie_efektywnych_algorytmow\projektowanie_efektywnych_algorytmow\debug\dynamic.obj
c:\users\metron\documents\github\projektowanie_efektywnych_algorytmow\projektowanie_efektywnych_algorytmow\debug\bruteforce.obj
c:\users\metron\documents\github\projektowanie_efektywnych_algorytmow\projektowanie_efektywnych_algorytmow\debug\bound_and_branch.obj
c:\users\metron\documents\github\projektowanie_efektywnych_algorytmow\projektowanie_efektywnych_algorytmow\debug\projektowanie_efektywnych_algorytmow.pch
c:\users\metron\documents\github\projektowanie_efektywnych_algorytmow\projektowanie_efektywnych_algorytmow\debug\stdafx.obj
c:\users\metron\documents\github\projektowanie_efektywnych_algorytmow\projektowanie_efektywnych_algorytmow\debug\test.obj
c:\users\metron\documents\github\projektowanie_efektywnych_algorytmow\debug\projektowanie_efektywnych_algorytmow.exe
c:\users\metron\documents\github\projektowanie_efektywnych_algorytmow\debug\projektowanie_efektywnych_algorytmow.ilk
c:\users\metron\documents\github\projektowanie_efektywnych_algorytmow\debug\projektowanie_efektywnych_algorytmow.pdb
c:\users\metron\documents\github\projektowanie_efektywnych_algorytmow\projektowanie_efektywnych_algorytmow\debug\projektowanie_efektywnych_algorytmow.obj
c:\users\metron\documents\github\projektowanie_efektywnych_algorytmow\projektowanie_efektywnych_algorytmow\debug\bound_and_branch.obj.enc
c:\users\metron\documents\github\projektowanie_efektywnych_algorytmow\projektowanie_efektywnych_algorytmow\debug\bruteforce.obj.enc
c:\users\metron\documents\github\projektowanie_efektywnych_algorytmow\projektowanie_efektywnych_algorytmow\debug\distance_graph.obj.enc
c:\users\metron\documents\github\projektowanie_efektywnych_algorytmow\projektowanie_efektywnych_algorytmow\debug\dynamic.obj.enc
c:\users\metron\documents\github\projektowanie_efektywnych_algorytmow\projektowanie_efektywnych_algorytmow\debug\main.obj.enc
c:\users\metron\documents\github\projektowanie_efektywnych_algorytmow\projektowanie_efektywnych_algorytmow\debug\test.obj.enc
c:\users\metron\documents\github\projektowanie_efektywnych_algorytmow\projektowanie_efektywnych_algorytmow\debug\projekto.e7176bcd.tlog\cl.command.1.tlog
c:\users\metron\documents\github\projektowanie_efektywnych_algorytmow\projektowanie_efektywnych_algorytmow\debug\projekto.e7176bcd.tlog\cl.read.1.tlog
c:\users\metron\documents\github\projektowanie_efektywnych_algorytmow\projektowanie_efektywnych_algorytmow\debug\projekto.e7176bcd.tlog\cl.write.1.tlog
c:\users\metron\documents\github\projektowanie_efektywnych_algorytmow\projektowanie_efektywnych_algorytmow\debug\projekto.e7176bcd.tlog\link.command.1.tlog
c:\users\metron\documents\github\projektowanie_efektywnych_algorytmow\projektowanie_efektywnych_algorytmow\debug\projekto.e7176bcd.tlog\link.read.1.tlog
c:\users\metron\documents\github\projektowanie_efektywnych_algorytmow\projektowanie_efektywnych_algorytmow\debug\projekto.e7176bcd.tlog\link.write.1.tlog
