  stdafx.cpp
  Bound_And_Branch.cpp
  Bruteforce.cpp
  Distance_Graph.cpp
c:\users\metron\documents\github\projektowanie_efektywnych_algorytmow\projektowanie_efektywnych_algorytmow\distance_graph.cpp(149): warning C4244: 'argument': conversion from 'time_t' to 'unsigned int', possible loss of data
c:\users\metron\documents\github\projektowanie_efektywnych_algorytmow\projektowanie_efektywnych_algorytmow\distance_graph.cpp(219): warning C4305: 'argument': truncation from 'int' to 'const _Elem'
          with
          [
              _Elem=char
          ]
c:\users\metron\documents\github\projektowanie_efektywnych_algorytmow\projektowanie_efektywnych_algorytmow\distance_graph.cpp(219): warning C4309: 'argument': truncation of constant value
c:\users\metron\documents\github\projektowanie_efektywnych_algorytmow\projektowanie_efektywnych_algorytmow\distance_graph.cpp(212): warning C4101: 'number_of_towns': unreferenced local variable
  Dynamic.cpp
c:\users\metron\documents\github\projektowanie_efektywnych_algorytmow\projektowanie_efektywnych_algorytmow\dynamic.cpp(63): warning C4018: '<': signed/unsigned mismatch
  Main.cpp
c:\users\metron\documents\github\projektowanie_efektywnych_algorytmow\projektowanie_efektywnych_algorytmow\test_zad2.h(4): warning C4215: nonstandard extension used: long float
c:\users\metron\documents\github\projektowanie_efektywnych_algorytmow\projektowanie_efektywnych_algorytmow\main.cpp(17): warning C4305: 'initializing': truncation from 'double' to 'float'
c:\users\metron\documents\github\projektowanie_efektywnych_algorytmow\projektowanie_efektywnych_algorytmow\main.cpp(19): warning C4305: 'initializing': truncation from 'double' to 'float'
c:\users\metron\documents\github\projektowanie_efektywnych_algorytmow\projektowanie_efektywnych_algorytmow\main.cpp(52): warning C4244: 'argument': conversion from 'int' to 'float', possible loss of data
c:\users\metron\documents\github\projektowanie_efektywnych_algorytmow\projektowanie_efektywnych_algorytmow\main.cpp(84): warning C4244: 'argument': conversion from 'int' to 'float', possible loss of data
  Simulated_Annealing.cpp
  Test.cpp
  Test_Zad2.cpp
c:\users\metron\documents\github\projektowanie_efektywnych_algorytmow\projektowanie_efektywnych_algorytmow\test_zad2.h(4): warning C4215: nonstandard extension used: long float
c:\users\metron\documents\github\projektowanie_efektywnych_algorytmow\projektowanie_efektywnych_algorytmow\test_zad2.cpp(42): warning C4244: 'argument': conversion from 'time_t' to 'unsigned int', possible loss of data
c:\users\metron\documents\github\projektowanie_efektywnych_algorytmow\projektowanie_efektywnych_algorytmow\test_zad2.cpp(48): warning C4101: 'current_results': unreferenced local variable
  Generating code
  All 282 functions were compiled because no usable IPDB/IOBJ from previous compilation was found.
  Finished generating code
  Projektowanie_Efektywnych_Algorytmow.vcxproj -> C:\Users\Metron\Documents\GitHub\Projektowanie_Efektywnych_Algorytmow\Release\Projektowanie_Efektywnych_Algorytmow.exe
